build/outputs/logs/manifest-merger-debug-report.txt
-- Merging decision tree log ---
manifest
ADDED from src/main/AndroidManifest.xml:2:1-40:12
INJECTED from src/main/AndroidManifest.xml:2:1-40:12
INJECTED from src/main/AndroidManifest.xml:2:1-40:12
INJECTED from src/main/AndroidManifest.xml:2:1-40:12
MERGED from [com.android.support:appcompat-v7:27.1.0] AndroidManifest.xml:17:1-22:12
MERGED from [com.android.support.constraint:constraint-layout:1.0.2] AndroidManifest.xml:2:1-11:12
MERGED from [com.android.support:support-fragment:27.1.0] AndroidManifest.xml:17:1-22:12
MERGED from [com.android.support:animated-vector-drawable:27.1.0] AndroidManifest.xml:17:1-22:12
MERGED from [com.android.support:support-core-ui:27.1.0] AndroidManifest.xml:17:1-22:12
MERGED from [com.android.support:support-core-utils:27.1.0] AndroidManifest.xml:17:1-22:12
MERGED from [com.android.support:support-vector-drawable:27.1.0] AndroidManifest.xml:17:1-22:12
MERGED from [com.android.support:support-compat:27.1.0] AndroidManifest.xml:17:1-22:12
MERGED from [android.arch.lifecycle:livedata-core:1.1.0] AndroidManifest.xml:17:1-22:12
MERGED from [android.arch.lifecycle:viewmodel:1.1.0] AndroidManifest.xml:17:1-22:12
MERGED from [android.arch.lifecycle:runtime:1.1.0] AndroidManifest.xml:17:1-22:12
MERGED from [android.arch.core:runtime:1.1.0] AndroidManifest.xml:17:1-22:12
INJECTED from src/main/AndroidManifest.xml:2:1-40:12
INJECTED from src/main/AndroidManifest.xml:2:1-40:12
INJECTED from src/main/AndroidManifest.xml:2:1-40:12
	package
		ADDED from src/main/AndroidManifest.xml:3:5-55
		INJECTED from src/main/AndroidManifest.xml
		INJECTED from src/main/AndroidManifest.xml
	android:versionName
		INJECTED from src/main/AndroidManifest.xml
		ADDED from src/main/AndroidManifest.xml:2:1-40:12
		INJECTED from src/main/AndroidManifest.xml
	android:versionCode
		INJECTED from src/main/AndroidManifest.xml
		ADDED from src/main/AndroidManifest.xml:2:1-40:12
		INJECTED from src/main/AndroidManifest.xml
	xmlns:android
		ADDED from src/main/AndroidManifest.xml:2:11-69
uses-permission#android.permission.INTERNET
ADDED from src/main/AndroidManifest.xml:6:5-67
	android:name
		ADDED from src/main/AndroidManifest.xml:6:22-64
application
ADDED from src/main/AndroidManifest.xml:8:5-38:19
MERGED from [com.android.support.constraint:constraint-layout:1.0.2] AndroidManifest.xml:9:5-20
MERGED from [com.android.support.constraint:constraint-layout:1.0.2] AndroidManifest.xml:9:5-20
	android:supportsRtl
		ADDED from src/main/AndroidManifest.xml:13:9-35
	android:label
		ADDED from src/main/AndroidManifest.xml:11:9-41
	android:roundIcon
		ADDED from src/main/AndroidManifest.xml:12:9-54
	android:icon
		ADDED from src/main/AndroidManifest.xml:10:9-43
	android:allowBackup
		ADDED from src/main/AndroidManifest.xml:9:9-35
	android:theme
		ADDED from src/main/AndroidManifest.xml:14:9-40
activity#com.example.eigenaar.softwarelearningapp.SoftwareLearingApp.MainActivity
ADDED from src/main/AndroidManifest.xml:15:9-21:20
	android:name
		ADDED from src/main/AndroidManifest.xml:15:19-66
intent-filter#android.intent.action.MAIN+android.intent.category.LAUNCHER
ADDED from src/main/AndroidManifest.xml:16:13-20:29
action#android.intent.action.MAIN
ADDED from src/main/AndroidManifest.xml:17:17-69
	android:name
		ADDED from src/main/AndroidManifest.xml:17:25-66
category#android.intent.category.LAUNCHER
ADDED from src/main/AndroidManifest.xml:19:17-77
	android:name
		ADDED from src/main/AndroidManifest.xml:19:27-74
activity#com.example.eigenaar.softwarelearningapp.SoftwareLearingApp.SignUp
ADDED from src/main/AndroidManifest.xml:22:9-63
	android:name
		ADDED from src/main/AndroidManifest.xml:22:19-60
activity#com.example.eigenaar.softwarelearningapp.SoftwareLearingApp.ChapterSelect
ADDED from src/main/AndroidManifest.xml:23:9-70
	android:name
		ADDED from src/main/AndroidManifest.xml:23:19-67
activity#com.example.eigenaar.softwarelearningapp.SoftwareLearingApp.lesson1
ADDED from src/main/AndroidManifest.xml:24:9-64
	android:name
		ADDED from src/main/AndroidManifest.xml:24:19-61
activity#com.example.eigenaar.softwarelearningapp.SoftwareLearingApp.lesson2
ADDED from src/main/AndroidManifest.xml:25:9-64
	android:name
		ADDED from src/main/AndroidManifest.xml:25:19-61
activity#com.example.eigenaar.softwarelearningapp.SoftwareLearingApp.lesson3
ADDED from src/main/AndroidManifest.xml:26:9-64
	android:name
		ADDED from src/main/AndroidManifest.xml:26:19-61
activity#com.example.eigenaar.softwarelearningapp.SoftwareLearingApp.lessons
ADDED from src/main/AndroidManifest.xml:27:9-64
	android:name
		ADDED from src/main/AndroidManifest.xml:27:19-61
activity#com.example.eigenaar.softwarelearningapp.SoftwareLearingApp.lesson1T1
ADDED from src/main/AndroidManifest.xml:28:9-66
	android:name
		ADDED from src/main/AndroidManifest.xml:28:19-63
activity#com.example.eigenaar.softwarelearningapp.SoftwareLearingApp.lesson2T1
ADDED from src/main/AndroidManifest.xml:29:9-66
	android:name
		ADDED from src/main/AndroidManifest.xml:29:19-63
activity#com.example.eigenaar.softwarelearningapp.SoftwareLearingApp.lesson3T1
ADDED from src/main/AndroidManifest.xml:30:9-66
	android:name
		ADDED from src/main/AndroidManifest.xml:30:19-63
activity#com.example.eigenaar.softwarelearningapp.SoftwareLearingApp.lesson1T2
ADDED from src/main/AndroidManifest.xml:31:9-66
	android:name
		ADDED from src/main/AndroidManifest.xml:31:19-63
activity#com.example.eigenaar.softwarelearningapp.SoftwareLearingApp.lesson2T2
ADDED from src/main/AndroidManifest.xml:32:9-66
	android:name
		ADDED from src/main/AndroidManifest.xml:32:19-63
activity#com.example.eigenaar.softwarelearningapp.SoftwareLearingApp.lesson3T2
ADDED from src/main/AndroidManifest.xml:33:9-66
	android:name
		ADDED from src/main/AndroidManifest.xml:33:19-63
activity#com.example.eigenaar.softwarelearningapp.SoftwareLearingApp.question1
ADDED from src/main/AndroidManifest.xml:34:9-66
	android:name
		ADDED from src/main/AndroidManifest.xml:34:19-63
activity#com.example.eigenaar.softwarelearningapp.SoftwareLearingApp.question2
ADDED from src/main/AndroidManifest.xml:35:9-66
	android:name
		ADDED from src/main/AndroidManifest.xml:35:19-63
activity#com.example.eigenaar.softwarelearningapp.SoftwareLearingApp.question3
ADDED from src/main/AndroidManifest.xml:36:9-66
	android:name
		ADDED from src/main/AndroidManifest.xml:36:19-63
activity#com.example.eigenaar.softwarelearningapp.SoftwareLearingApp.Correct
ADDED from src/main/AndroidManifest.xml:37:9-73
	android:name
		ADDED from src/main/AndroidManifest.xml:37:19-61
uses-sdk
INJECTED from src/main/AndroidManifest.xml reason: use-sdk injection requested
INJECTED from src/main/AndroidManifest.xml
INJECTED from src/main/AndroidManifest.xml
MERGED from [com.android.support:appcompat-v7:27.1.0] AndroidManifest.xml:20:5-44
MERGED from [com.android.support:appcompat-v7:27.1.0] AndroidManifest.xml:20:5-44
MERGED from [com.android.support.constraint:constraint-layout:1.0.2] AndroidManifest.xml:5:5-7:41
MERGED from [com.android.support.constraint:constraint-layout:1.0.2] AndroidManifest.xml:5:5-7:41
MERGED from [com.android.support:support-fragment:27.1.0] AndroidManifest.xml:20:5-44
MERGED from [com.android.support:support-fragment:27.1.0] AndroidManifest.xml:20:5-44
MERGED from [com.android.support:animated-vector-drawable:27.1.0] AndroidManifest.xml:20:5-44
MERGED from [com.android.support:animated-vector-drawable:27.1.0] AndroidManifest.xml:20:5-44
MERGED from [com.android.support:support-core-ui:27.1.0] AndroidManifest.xml:20:5-44
MERGED from [com.android.support:support-core-ui:27.1.0] AndroidManifest.xml:20:5-44
MERGED from [com.android.support:support-core-utils:27.1.0] AndroidManifest.xml:20:5-44
MERGED from [com.android.support:support-core-utils:27.1.0] AndroidManifest.xml:20:5-44
MERGED from [com.android.support:support-vector-drawable:27.1.0] AndroidManifest.xml:20:5-44
MERGED from [com.android.support:support-vector-drawable:27.1.0] AndroidManifest.xml:20:5-44
MERGED from [com.android.support:support-compat:27.1.0] AndroidManifest.xml:20:5-44
MERGED from [com.android.support:support-compat:27.1.0] AndroidManifest.xml:20:5-44
MERGED from [android.arch.lifecycle:livedata-core:1.1.0] AndroidManifest.xml:20:5-44
MERGED from [android.arch.lifecycle:livedata-core:1.1.0] AndroidManifest.xml:20:5-44
MERGED from [android.arch.lifecycle:viewmodel:1.1.0] AndroidManifest.xml:20:5-44
MERGED from [android.arch.lifecycle:viewmodel:1.1.0] AndroidManifest.xml:20:5-44
MERGED from [android.arch.lifecycle:runtime:1.1.0] AndroidManifest.xml:20:5-44
MERGED from [android.arch.lifecycle:runtime:1.1.0] AndroidManifest.xml:20:5-44
MERGED from [android.arch.core:runtime:1.1.0] AndroidManifest.xml:20:5-44
MERGED from [android.arch.core:runtime:1.1.0] AndroidManifest.xml:20:5-44
INJECTED from src/main/AndroidManifest.xml
INJECTED from src/main/AndroidManifest.xml
	android:targetSdkVersion
		INJECTED from src/main/AndroidManifest.xml
		ADDED from src/main/AndroidManifest.xml
		INJECTED from src/main/AndroidManifest.xml
	android:minSdkVersion
		INJECTED from src/main/AndroidManifest.xml
		ADDED from src/main/AndroidManifest.xml
		INJECTED from src/main/AndroidManifest.xml